#
# A fatal error has been detected by the Java Runtime Environment:
#
#  EXCEPTION_ACCESS_VIOLATION (0xc0000005) at pc=0x00007ffa1d3357e0, pid=14768, tid=7796
#
# JRE version: Java(TM) SE Runtime Environment (17.0.12+8) (build 17.0.12+8-LTS-286)
# Java VM: Java HotSpot(TM) 64-Bit Server VM (17.0.12+8-LTS-286, mixed mode, emulated-client, sharing, tiered, compressed oops, compressed class ptrs, g1 gc, windows-amd64)
# Problematic frame:
# C  [net.dll+0x57e0]
#
# No core dump will be written. Minidumps are not enabled by default on client versions of Windows
#
# If you would like to submit a bug report, please visit:
#   https://bugreport.java.com/bugreport/crash.jsp
# The crash happened outside the Java Virtual Machine in native code.
# See problematic frame for where to report the bug.
#

---------------  S U M M A R Y ------------

Command Line: -XX:TieredStopAtLevel=1 -Dspring.output.ansi.enabled=always -Dcom.sun.management.jmxremote -Dspring.jmx.enabled=true -Dspring.liveBeansView.mbeanDomain -Dspring.application.admin.enabled=true -Dmanagement.endpoints.jmx.exposure.include=* -javaagent:C:\Program Files\JetBrains\IntelliJ IDEA 2024.2.4\lib\idea_rt.jar=55456:C:\Program Files\JetBrains\IntelliJ IDEA 2024.2.4\bin -Dfile.encoding=UTF-8 com.example.demo.EduvibeApplication

Host: Intel(R) Core(TM) i5-10300H CPU @ 2.50GHz, 8 cores, 15G,  Windows 11 , 64 bit Build 26100 (10.0.26100.4202)
Time: Thu Jun 26 16:19:31 2025 India Standard Time elapsed time: 4.509349 seconds (0d 0h 0m 4s)

---------------  T H R E A D  ---------------

Current thread (0x0000025b216f12f0):  JavaThread "RMI TCP Accept-0" daemon [_thread_in_native, id=7796, stack(0x00000087e6f00000,0x00000087e7000000)]

Stack: [0x00000087e6f00000,0x00000087e7000000],  sp=0x00000087e6ffed40,  free space=1019k
Native frames: (J=compiled Java code, j=interpreted, Vv=VM code, C=native code)
C  [net.dll+0x57e0]

Java frames: (J=compiled Java code, j=interpreted, Vv=VM code)
j  java.net.NetworkInterface.getAll()[Ljava/net/NetworkInterface;+0 java.base@17.0.12
j  java.net.NetworkInterface.getNetworkInterfaces()Ljava/util/Enumeration;+0 java.base@17.0.12
j  sun.management.jmxremote.LocalRMIServerSocketFactory$1.accept()Ljava/net/Socket;+79 jdk.management.agent@17.0.12
j  sun.rmi.transport.tcp.TCPTransport$AcceptLoop.executeAcceptLoop()V+42 java.rmi@17.0.12
j  sun.rmi.transport.tcp.TCPTransport$AcceptLoop.run()V+1 java.rmi@17.0.12
j  java.lang.Thread.run()V+11 java.base@17.0.12
v  ~StubRoutines::call_stub

siginfo: EXCEPTION_ACCESS_VIOLATION (0xc0000005), reading address 0x0000025b219df010


Registers:
RAX=0x0000000000000001, RBX=0x0000025b67bf5970, RCX=0x0000000000000000, RDX=0x0000000000000000
RSP=0x00000087e6ffed40, RBP=0x000000000005dba3, RSI=0x0000025b67bf5970, RDI=0x0000025b216f12f0
R8 =0x0000000000000002, R9 =0x0000000000000114, R10=0x0000000000000000, R11=0x00000087e6ffece0
R12=0x00000087e6ffedc0, R13=0x0000025b67b45ff0, R14=0x000000000001f3e1, R15=0x0000000000000164
RIP=0x00007ffa1d3357e0, EFLAGS=0x0000000000010213


Register to memory mapping:

RIP=0x00007ffa1d3357e0 net.dll
RAX=0x0000000000000001 is an unknown value
RBX=0x0000025b67bf5970 points into unknown readable memory: 0x00b8040000000002 | 02 00 00 00 00 04 b8 00
RCX=0x0 is NULL
RDX=0x0 is NULL
RSP=0x00000087e6ffed40 is pointing into the stack for thread: 0x0000025b216f12f0
RBP=0x000000000005dba3 is an unknown value
RSI=0x0000025b67bf5970 points into unknown readable memory: 0x00b8040000000002 | 02 00 00 00 00 04 b8 00
RDI=0x0000025b216f12f0 is a thread
R8 =0x0000000000000002 is an unknown value
R9 =0x0000000000000114 is an unknown value
R10=0x0 is NULL
R11=0x00000087e6ffece0 is pointing into the stack for thread: 0x0000025b216f12f0
R12=0x00000087e6ffedc0 is pointing into the stack for thread: 0x0000025b216f12f0
R13=0x0000025b67b45ff0 points into unknown readable memory: 0x0000025b67a8c950 | 50 c9 a8 67 5b 02 00 00
R14=0x000000000001f3e1 is an unknown value
R15=0x0000000000000164 is an unknown value


Top of Stack: (sp=0x00000087e6ffed40)
0x00000087e6ffed40:   0000025b67bf5e70 0000000000000031
0x00000087e6ffed50:   0000025b216f15a0 00007ffa1d33609b
0x00000087e6ffed60:   00000087e6ffeef0 00000087e6ffefa8
0x00000087e6ffed70:   0000000000000000 0000000000000031
0x00000087e6ffed80:   0000025b67b45ff0 00007ffa1d336e80
0x00000087e6ffed90:   0000025b216f15a0 0000025b216f15a0
0x00000087e6ffeda0:   00000087e6ffee39 0000025b67b45ff0
0x00000087e6ffedb0:   0000000700000000 0000000000000000
0x00000087e6ffedc0:   00000087e6ffee20 0000025b216f12f0
0x00000087e6ffedd0:   0000025b67b46310 00007ff9b742f175
0x00000087e6ffede0:   00000087e6ffee60 00000087e6ffee48
0x00000087e6ffedf0:   0000025b63366620 0000000000000000
0x00000087e6ffee00:   00000087e6ffee60 0000025b216f12f0
0x00000087e6ffee10:   00000087e6ffee40 00000087e6ff0000
0x00000087e6ffee20:   0000000000000000 0000025b12209300
0x00000087e6ffee30:   0000000000000004 00007ff9b702e515 

Instructions: (pc=0x00007ffa1d3357e0)
0x00007ffa1d3356e0:   ff ff 48 8b cb 48 8b 5b 40 ff 15 c1 9b 00 00 48
0x00007ffa1d3356f0:   8b cb 48 85 db 75 ee e9 bf fb ff ff 48 8b cb 48
0x00007ffa1d335700:   8b 5b 40 ff 15 a7 9b 00 00 48 8b cb 48 85 db 75
0x00007ffa1d335710:   ee e9 a5 fb ff ff 48 8b cb 48 8b 5b 40 ff 15 8d
0x00007ffa1d335720:   9b 00 00 48 8b cb 48 85 db 75 ee e9 8b fb ff ff
0x00007ffa1d335730:   48 89 5c 24 08 48 89 74 24 10 57 48 83 ec 20 48
0x00007ffa1d335740:   8b f2 49 8b f8 48 8d 54 24 48 48 8b d9 e8 92 08
0x00007ffa1d335750:   00 00 85 c0 79 04 33 c0 eb 22 4c 8b 4c 24 48 4c
0x00007ffa1d335760:   8b c7 48 8b d6 48 8b cb e8 1f 00 00 00 48 8b 4c
0x00007ffa1d335770:   24 48 8b d8 ff 15 36 9b 00 00 8b c3 48 8b 5c 24
0x00007ffa1d335780:   30 48 8b 74 24 38 48 83 c4 20 5f c3 48 8b c4 48
0x00007ffa1d335790:   89 58 10 48 89 68 18 48 89 70 20 48 89 48 08 57
0x00007ffa1d3357a0:   41 54 41 55 41 56 41 57 48 83 ec 20 4c 8b ea 49
0x00007ffa1d3357b0:   8b f9 33 d2 4d 8b e0 4d 85 c9 75 07 33 c0 e9 fc
0x00007ffa1d3357c0:   00 00 00 44 8b fa 48 8b da 44 8b f2 41 39 11 0f
0x00007ffa1d3357d0:   86 e3 00 00 00 41 8b c6 48 8d 2c 40 41 8b 45 10
0x00007ffa1d3357e0:   39 44 ef 08 0f 85 bd 00 00 00 39 54 ef 04 0f 84
0x00007ffa1d3357f0:   b3 00 00 00 b9 48 00 00 00 ff 15 b9 9a 00 00 33
0x00007ffa1d335800:   d2 48 8b f0 48 85 c0 0f 84 cf 00 00 00 44 8d 42
0x00007ffa1d335810:   02 66 44 89 00 8b 44 ef 04 89 46 04 41 8b 4d 14
0x00007ffa1d335820:   83 e9 06 74 23 83 e9 03 74 1e 83 e9 06 74 19 83
0x00007ffa1d335830:   e9 08 74 0f 83 e9 01 74 0f 83 e9 04 74 05 83 f9
0x00007ffa1d335840:   2b 74 05 83 c8 ff eb 4a 66 44 89 46 1c ba 01 00
0x00007ffa1d335850:   00 00 8b 4c ef 04 8b 44 ef 0c 23 c8 39 54 ef 10
0x00007ffa1d335860:   75 06 f7 d0 0b c1 eb 02 8b c1 89 46 20 8b 4c ef
0x00007ffa1d335870:   0c ff 15 89 99 00 00 33 d2 8b c8 66 89 56 38 85
0x00007ffa1d335880:   c0 74 13 0f b7 c2 44 8d 42 01 66 41 03 c0 03 c9
0x00007ffa1d335890:   75 f8 66 89 46 38 b8 01 00 00 00 48 89 5e 40 44
0x00007ffa1d3358a0:   03 f8 48 8b de eb 05 b8 01 00 00 00 44 03 f0 44
0x00007ffa1d3358b0:   3b 37 0f 82 1d ff ff ff 49 89 1c 24 41 8b c7 48
0x00007ffa1d3358c0:   8b 5c 24 58 48 8b 6c 24 60 48 8b 74 24 68 48 83
0x00007ffa1d3358d0:   c4 20 41 5f 41 5e 41 5d 41 5c 5f c3 48 8b 4c 24 


Stack slot to memory mapping:
stack at sp + 0 slots: 0x0000025b67bf5e70 points into unknown readable memory: 0x88001c00ffff0002 | 02 00 ff ff 00 1c 00 88
stack at sp + 1 slots: 0x0000000000000031 is an unknown value
stack at sp + 2 slots: 0x0000025b216f15a0 points into unknown readable memory: 0x00007ff9b78c3670 | 70 36 8c b7 f9 7f 00 00
stack at sp + 3 slots: 0x00007ffa1d33609b net.dll
stack at sp + 4 slots: 0x00000087e6ffeef0 is pointing into the stack for thread: 0x0000025b216f12f0
stack at sp + 5 slots: 0x00000087e6ffefa8 is pointing into the stack for thread: 0x0000025b216f12f0
stack at sp + 6 slots: 0x0 is NULL
stack at sp + 7 slots: 0x0000000000000031 is an unknown value


---------------  P R O C E S S  ---------------

Threads class SMR info:
_java_thread_list=0x0000025b67c1f3b0, length=19, elements={
0x0000025b0a952d20, 0x0000025b214c5580, 0x0000025b214c6140, 0x0000025b215e7e60,
0x0000025b215eac50, 0x0000025b215eb610, 0x0000025b215ec770, 0x0000025b215ed8d0,
0x0000025b215f1500, 0x0000025b216f4aa0, 0x0000025b216f6660, 0x0000025b217053b0,
0x0000025b216f3660, 0x0000025b216f3b70, 0x0000025b216f12f0, 0x0000025b216f2c40,
0x0000025b216f1800, 0x0000025b216f2220, 0x0000025b67aa5910
}

Java Threads: ( => current thread )
  0x0000025b0a952d20 JavaThread "main" [_thread_in_vm, id=15956, stack(0x00000087e5a00000,0x00000087e5b00000)]
  0x0000025b214c5580 JavaThread "Reference Handler" daemon [_thread_blocked, id=22632, stack(0x00000087e6100000,0x00000087e6200000)]
  0x0000025b214c6140 JavaThread "Finalizer" daemon [_thread_blocked, id=12728, stack(0x00000087e6200000,0x00000087e6300000)]
  0x0000025b215e7e60 JavaThread "Signal Dispatcher" daemon [_thread_blocked, id=24176, stack(0x00000087e6300000,0x00000087e6400000)]
  0x0000025b215eac50 JavaThread "Attach Listener" daemon [_thread_blocked, id=23548, stack(0x00000087e6400000,0x00000087e6500000)]
  0x0000025b215eb610 JavaThread "Service Thread" daemon [_thread_blocked, id=8700, stack(0x00000087e6500000,0x00000087e6600000)]
  0x0000025b215ec770 JavaThread "Monitor Deflation Thread" daemon [_thread_blocked, id=15872, stack(0x00000087e6600000,0x00000087e6700000)]
  0x0000025b215ed8d0 JavaThread "C1 CompilerThread0" daemon [_thread_blocked, id=10648, stack(0x00000087e6700000,0x00000087e6800000)]
  0x0000025b215f1500 JavaThread "Sweeper thread" daemon [_thread_blocked, id=7648, stack(0x00000087e6800000,0x00000087e6900000)]
  0x0000025b216f4aa0 JavaThread "Common-Cleaner" daemon [_thread_blocked, id=1992, stack(0x00000087e6900000,0x00000087e6a00000)]
  0x0000025b216f6660 JavaThread "C1 CompilerThread1" daemon [_thread_blocked, id=19536, stack(0x00000087e6a00000,0x00000087e6b00000)]
  0x0000025b217053b0 JavaThread "C1 CompilerThread2" daemon [_thread_blocked, id=19596, stack(0x00000087e6b00000,0x00000087e6c00000)]
  0x0000025b216f3660 JavaThread "Monitor Ctrl-Break" daemon [_thread_in_native, id=21404, stack(0x00000087e6d00000,0x00000087e6e00000)]
  0x0000025b216f3b70 JavaThread "Notification Thread" daemon [_thread_blocked, id=18200, stack(0x00000087e6e00000,0x00000087e6f00000)]
=>0x0000025b216f12f0 JavaThread "RMI TCP Accept-0" daemon [_thread_in_native, id=7796, stack(0x00000087e6f00000,0x00000087e7000000)]
  0x0000025b216f2c40 JavaThread "RMI TCP Connection(1)-192.168.1.36" daemon [_thread_in_native, id=18168, stack(0x00000087e7800000,0x00000087e7900000)]
  0x0000025b216f1800 JavaThread "RMI Scheduler(0)" daemon [_thread_blocked, id=19568, stack(0x00000087e7900000,0x00000087e7a00000)]
  0x0000025b216f2220 JavaThread "JMX server connection timeout 20" daemon [_thread_blocked, id=23136, stack(0x00000087e7a00000,0x00000087e7b00000)]
  0x0000025b67aa5910 JavaThread "background-preinit" [_thread_in_vm, id=16180, stack(0x00000087e7c00000,0x00000087e7d00000)]

Other Threads:
  0x0000025b214c0420 VMThread "VM Thread" [stack: 0x00000087e6000000,0x00000087e6100000] [id=23400]
  0x0000025b0a9db310 WatcherThread [stack: 0x00000087e7000000,0x00000087e7100000] [id=7088]
  0x0000025b0a9c1d00 GCTaskThread "GC Thread#0" [stack: 0x00000087e5b00000,0x00000087e5c00000] [id=17848]
  0x0000025b676db900 GCTaskThread "GC Thread#1" [stack: 0x00000087e7100000,0x00000087e7200000] [id=13784]
  0x0000025b676dbbc0 GCTaskThread "GC Thread#2" [stack: 0x00000087e7200000,0x00000087e7300000] [id=10400]
  0x0000025b67669c90 GCTaskThread "GC Thread#3" [stack: 0x00000087e7300000,0x00000087e7400000] [id=23764]
  0x0000025b6766a360 GCTaskThread "GC Thread#4" [stack: 0x00000087e7400000,0x00000087e7500000] [id=6184]
  0x0000025b6766aaa0 GCTaskThread "GC Thread#5" [stack: 0x00000087e7500000,0x00000087e7600000] [id=6976]
  0x0000025b677321a0 GCTaskThread "GC Thread#6" [stack: 0x00000087e7600000,0x00000087e7700000] [id=21540]
  0x0000025b67a62410 GCTaskThread "GC Thread#7" [stack: 0x00000087e7b00000,0x00000087e7c00000] [id=16412]
  0x0000025b0a9d29e0 ConcurrentGCThread "G1 Main Marker" [stack: 0x00000087e5c00000,0x00000087e5d00000] [id=18548]
  0x0000025b0a9d40c0 ConcurrentGCThread "G1 Conc#0" [stack: 0x00000087e5d00000,0x00000087e5e00000] [id=21688]
  0x0000025b0aa0e870 ConcurrentGCThread "G1 Refine#0" [stack: 0x00000087e5e00000,0x00000087e5f00000] [id=11164]
  0x0000025b67732460 ConcurrentGCThread "G1 Refine#1" [stack: 0x00000087e7700000,0x00000087e7800000] [id=22988]
  0x0000025b2137a3e0 ConcurrentGCThread "G1 Service" [stack: 0x00000087e5f00000,0x00000087e6000000] [id=10172]

Threads with active compile tasks:

VM state: not at safepoint (normal execution)

VM Mutex/Monitor currently owned by a thread:  ([mutex/lock_event])
[0x0000025b0a94ecc0] Metaspace_lock - owner thread: 0x0000025b0a952d20

Heap address: 0x0000000702800000, size: 4056 MB, Compressed Oops mode: Zero based, Oop shift amount: 3

CDS archive(s) mapped at: [0x0000025b22000000-0x0000025b22bd0000-0x0000025b22bd0000), size 12386304, SharedBaseAddress: 0x0000025b22000000, ArchiveRelocationMode: 1.
Compressed class space mapped at: 0x0000025b23000000-0x0000025b63000000, reserved size: 1073741824
Narrow klass base: 0x0000025b22000000, Narrow klass shift: 0, Narrow klass range: 0x100000000

GC Precious Log:
 CPUs: 8 total, 8 available
 Memory: 16221M
 Large Page Support: Disabled
 NUMA Support: Disabled
 Compressed Oops: Enabled (Zero based)
 Heap Region Size: 2M
 Heap Min Capacity: 8M
 Heap Initial Capacity: 254M
 Heap Max Capacity: 4056M
 Pre-touch: Disabled
 Parallel Workers: 8
 Concurrent Workers: 2
 Concurrent Refinement Workers: 8
 Periodic GC: Disabled

Heap:
 garbage-first heap   total 260096K, used 22732K [0x0000000702800000, 0x0000000800000000)
  region size 2048K, 9 young (18432K), 1 survivors (2048K)
 Metaspace       used 13472K, committed 13824K, reserved 1114112K
  class space    used 1883K, committed 2048K, reserved 1048576K

Heap Regions: E=young(eden), S=young(survivor), O=old, HS=humongous(starts), HC=humongous(continues), CS=collection set, F=free, OA=open archive, CA=closed archive, TAMS=top-at-mark-start (previous, next)
|   0|0x0000000702800000, 0x0000000702a00000, 0x0000000702a00000|100%| O|  |TAMS 0x0000000702800000, 0x0000000702800000| Untracked 
|   1|0x0000000702a00000, 0x0000000702c00000, 0x0000000702c00000|100%| O|  |TAMS 0x0000000702a00000, 0x0000000702a00000| Untracked 
|   2|0x0000000702c00000, 0x0000000702e00000, 0x0000000702e00000|100%| O|  |TAMS 0x0000000702c00000, 0x0000000702c00000| Untracked 
|   3|0x0000000702e00000, 0x0000000703000000, 0x0000000703000000|100%| O|  |TAMS 0x0000000702e00000, 0x0000000702e00000| Untracked 
|   4|0x0000000703000000, 0x0000000703033000, 0x0000000703200000|  9%| O|  |TAMS 0x0000000703000000, 0x0000000703000000| Untracked 
|   5|0x0000000703200000, 0x0000000703200000, 0x0000000703400000|  0%| F|  |TAMS 0x0000000703200000, 0x0000000703200000| Untracked 
|   6|0x0000000703400000, 0x0000000703400000, 0x0000000703600000|  0%| F|  |TAMS 0x0000000703400000, 0x0000000703400000| Untracked 
|   7|0x0000000703600000, 0x0000000703600000, 0x0000000703800000|  0%| F|  |TAMS 0x0000000703600000, 0x0000000703600000| Untracked 
|   8|0x0000000703800000, 0x0000000703800000, 0x0000000703a00000|  0%| F|  |TAMS 0x0000000703800000, 0x0000000703800000| Untracked 
|   9|0x0000000703a00000, 0x0000000703a00000, 0x0000000703c00000|  0%| F|  |TAMS 0x0000000703a00000, 0x0000000703a00000| Untracked 
|  10|0x0000000703c00000, 0x0000000703c00000, 0x0000000703e00000|  0%| F|  |TAMS 0x0000000703c00000, 0x0000000703c00000| Untracked 
|  11|0x0000000703e00000, 0x0000000703e00000, 0x0000000704000000|  0%| F|  |TAMS 0x0000000703e00000, 0x0000000703e00000| Untracked 
|  12|0x0000000704000000, 0x0000000704000000, 0x0000000704200000|  0%| F|  |TAMS 0x0000000704000000, 0x0000000704000000| Untracked 
|  13|0x0000000704200000, 0x0000000704200000, 0x0000000704400000|  0%| F|  |TAMS 0x0000000704200000, 0x0000000704200000| Untracked 
|  14|0x0000000704400000, 0x0000000704400000, 0x0000000704600000|  0%| F|  |TAMS 0x0000000704400000, 0x0000000704400000| Untracked 
|  15|0x0000000704600000, 0x0000000704600000, 0x0000000704800000|  0%| F|  |TAMS 0x0000000704600000, 0x0000000704600000| Untracked 
|  16|0x0000000704800000, 0x0000000704800000, 0x0000000704a00000|  0%| F|  |TAMS 0x0000000704800000, 0x0000000704800000| Untracked 
|  17|0x0000000704a00000, 0x0000000704a00000, 0x0000000704c00000|  0%| F|  |TAMS 0x0000000704a00000, 0x0000000704a00000| Untracked 
|  18|0x0000000704c00000, 0x0000000704c00000, 0x0000000704e00000|  0%| F|  |TAMS 0x0000000704c00000, 0x0000000704c00000| Untracked 
|  19|0x0000000704e00000, 0x0000000704e00000, 0x0000000705000000|  0%| F|  |TAMS 0x0000000704e00000, 0x0000000704e00000| Untracked 
|  20|0x0000000705000000, 0x0000000705000000, 0x0000000705200000|  0%| F|  |TAMS 0x0000000705000000, 0x0000000705000000| Untracked 
|  21|0x0000000705200000, 0x0000000705200000, 0x0000000705400000|  0%| F|  |TAMS 0x0000000705200000, 0x0000000705200000| Untracked 
|  22|0x0000000705400000, 0x0000000705400000, 0x0000000705600000|  0%| F|  |TAMS 0x0000000705400000, 0x0000000705400000| Untracked 
|  23|0x0000000705600000, 0x0000000705600000, 0x0000000705800000|  0%| F|  |TAMS 0x0000000705600000, 0x0000000705600000| Untracked 
|  24|0x0000000705800000, 0x0000000705800000, 0x0000000705a00000|  0%| F|  |TAMS 0x0000000705800000, 0x0000000705800000| Untracked 
|  25|0x0000000705a00000, 0x0000000705a00000, 0x0000000705c00000|  0%| F|  |TAMS 0x0000000705a00000, 0x0000000705a00000| Untracked 
|  26|0x0000000705c00000, 0x0000000705c00000, 0x0000000705e00000|  0%| F|  |TAMS 0x0000000705c00000, 0x0000000705c00000| Untracked 
|  27|0x0000000705e00000, 0x0000000705e00000, 0x0000000706000000|  0%| F|  |TAMS 0x0000000705e00000, 0x0000000705e00000| Untracked 
|  28|0x0000000706000000, 0x0000000706000000, 0x0000000706200000|  0%| F|  |TAMS 0x0000000706000000, 0x0000000706000000| Untracked 
|  29|0x0000000706200000, 0x0000000706200000, 0x0000000706400000|  0%| F|  |TAMS 0x0000000706200000, 0x0000000706200000| Untracked 
|  30|0x0000000706400000, 0x0000000706400000, 0x0000000706600000|  0%| F|  |TAMS 0x0000000706400000, 0x0000000706400000| Untracked 
|  31|0x0000000706600000, 0x0000000706600000, 0x0000000706800000|  0%| F|  |TAMS 0x0000000706600000, 0x0000000706600000| Untracked 
|  32|0x0000000706800000, 0x0000000706800000, 0x0000000706a00000|  0%| F|  |TAMS 0x0000000706800000, 0x0000000706800000| Untracked 
|  33|0x0000000706a00000, 0x0000000706a00000, 0x0000000706c00000|  0%| F|  |TAMS 0x0000000706a00000, 0x0000000706a00000| Untracked 
|  34|0x0000000706c00000, 0x0000000706c00000, 0x0000000706e00000|  0%| F|  |TAMS 0x0000000706c00000, 0x0000000706c00000| Untracked 
|  35|0x0000000706e00000, 0x0000000706e00000, 0x0000000707000000|  0%| F|  |TAMS 0x0000000706e00000, 0x0000000706e00000| Untracked 
|  36|0x0000000707000000, 0x0000000707000000, 0x0000000707200000|  0%| F|  |TAMS 0x0000000707000000, 0x0000000707000000| Untracked 
|  37|0x0000000707200000, 0x0000000707200000, 0x0000000707400000|  0%| F|  |TAMS 0x0000000707200000, 0x0000000707200000| Untracked 
|  38|0x0000000707400000, 0x0000000707400000, 0x0000000707600000|  0%| F|  |TAMS 0x0000000707400000, 0x0000000707400000| Untracked 
|  39|0x0000000707600000, 0x0000000707600000, 0x0000000707800000|  0%| F|  |TAMS 0x0000000707600000, 0x0000000707600000| Untracked 
|  40|0x0000000707800000, 0x0000000707800000, 0x0000000707a00000|  0%| F|  |TAMS 0x0000000707800000, 0x0000000707800000| Untracked 
|  41|0x0000000707a00000, 0x0000000707a00000, 0x0000000707c00000|  0%| F|  |TAMS 0x0000000707a00000, 0x0000000707a00000| Untracked 
|  42|0x0000000707c00000, 0x0000000707c00000, 0x0000000707e00000|  0%| F|  |TAMS 0x0000000707c00000, 0x0000000707c00000| Untracked 
|  43|0x0000000707e00000, 0x0000000707e00000, 0x0000000708000000|  0%| F|  |TAMS 0x0000000707e00000, 0x0000000707e00000| Untracked 
|  44|0x0000000708000000, 0x0000000708000000, 0x0000000708200000|  0%| F|  |TAMS 0x0000000708000000, 0x0000000708000000| Untracked 
|  45|0x0000000708200000, 0x0000000708200000, 0x0000000708400000|  0%| F|  |TAMS 0x0000000708200000, 0x0000000708200000| Untracked 
|  46|0x0000000708400000, 0x0000000708400000, 0x0000000708600000|  0%| F|  |TAMS 0x0000000708400000, 0x0000000708400000| Untracked 
|  47|0x0000000708600000, 0x0000000708600000, 0x0000000708800000|  0%| F|  |TAMS 0x0000000708600000, 0x0000000708600000| Untracked 
|  48|0x0000000708800000, 0x0000000708800000, 0x0000000708a00000|  0%| F|  |TAMS 0x0000000708800000, 0x0000000708800000| Untracked 
|  49|0x0000000708a00000, 0x0000000708a00000, 0x0000000708c00000|  0%| F|  |TAMS 0x0000000708a00000, 0x0000000708a00000| Untracked 
|  50|0x0000000708c00000, 0x0000000708c00000, 0x0000000708e00000|  0%| F|  |TAMS 0x0000000708c00000, 0x0000000708c00000| Untracked 
|  51|0x0000000708e00000, 0x0000000708e00000, 0x0000000709000000|  0%| F|  |TAMS 0x0000000708e00000, 0x0000000708e00000| Untracked 
|  52|0x0000000709000000, 0x0000000709000000, 0x0000000709200000|  0%| F|  |TAMS 0x0000000709000000, 0x0000000709000000| Untracked 
|  53|0x0000000709200000, 0x0000000709200000, 0x0000000709400000|  0%| F|  |TAMS 0x0000000709200000, 0x0000000709200000| Untracked 
|  54|0x0000000709400000, 0x0000000709400000, 0x0000000709600000|  0%| F|  |TAMS 0x0000000709400000, 0x0000000709400000| Untracked 
|  55|0x0000000709600000, 0x0000000709600000, 0x0000000709800000|  0%| F|  |TAMS 0x0000000709600000, 0x0000000709600000| Untracked 
|  56|0x0000000709800000, 0x0000000709800000, 0x0000000709a00000|  0%| F|  |TAMS 0x0000000709800000, 0x0000000709800000| Untracked 
|  57|0x0000000709a00000, 0x0000000709a00000, 0x0000000709c00000|  0%| F|  |TAMS 0x0000000709a00000, 0x0000000709a00000| Untracked 
|  58|0x0000000709c00000, 0x0000000709c00000, 0x0000000709e00000|  0%| F|  |TAMS 0x0000000709c00000, 0x0000000709c00000| Untracked 
|  59|0x0000000709e00000, 0x0000000709e00000, 0x000000070a000000|  0%| F|  |TAMS 0x0000000709e00000, 0x0000000709e00000| Untracked 
|  60|0x000000070a000000, 0x000000070a000000, 0x000000070a200000|  0%| F|  |TAMS 0x000000070a000000, 0x000000070a000000| Untracked 
|  61|0x000000070a200000, 0x000000070a200000, 0x000000070a400000|  0%| F|  |TAMS 0x000000070a200000, 0x000000070a200000| Untracked 
|  62|0x000000070a400000, 0x000000070a400000, 0x000000070a600000|  0%| F|  |TAMS 0x000000070a400000, 0x000000070a400000| Untracked 
|  63|0x000000070a600000, 0x000000070a600000, 0x000000070a800000|  0%| F|  |TAMS 0x000000070a600000, 0x000000070a600000| Untracked 
|  64|0x000000070a800000, 0x000000070a800000, 0x000000070aa00000|  0%| F|  |TAMS 0x000000070a800000, 0x000000070a800000| Untracked 
|  65|0x000000070aa00000, 0x000000070aa00000, 0x000000070ac00000|  0%| F|  |TAMS 0x000000070aa00000, 0x000000070aa00000| Untracked 
|  66|0x000000070ac00000, 0x000000070ac00000, 0x000000070ae00000|  0%| F|  |TAMS 0x000000070ac00000, 0x000000070ac00000| Untracked 
|  67|0x000000070ae00000, 0x000000070ae00000, 0x000000070b000000|  0%| F|  |TAMS 0x000000070ae00000, 0x000000070ae00000| Untracked 
|  68|0x000000070b000000, 0x000000070b000000, 0x000000070b200000|  0%| F|  |TAMS 0x000000070b000000, 0x000000070b000000| Untracked 
|  69|0x000000070b200000, 0x000000070b200000, 0x000000070b400000|  0%| F|  |TAMS 0x000000070b200000, 0x000000070b200000| Untracked 
|  70|0x000000070b400000, 0x000000070b400000, 0x000000070b600000|  0%| F|  |TAMS 0x000000070b400000, 0x000000070b400000| Untracked 
|  71|0x000000070b600000, 0x000000070b600000, 0x000000070b800000|  0%| F|  |TAMS 0x000000070b600000, 0x000000070b600000| Untracked 
|  72|0x000000070b800000, 0x000000070b800000, 0x000000070ba00000|  0%| F|  |TAMS 0x000000070b800000, 0x000000070b800000| Untracked 
|  73|0x000000070ba00000, 0x000000070ba00000, 0x000000070bc00000|  0%| F|  |TAMS 0x000000070ba00000, 0x000000070ba00000| Untracked 
|  74|0x000000070bc00000, 0x000000070bc00000, 0x000000070be00000|  0%| F|  |TAMS 0x000000070bc00000, 0x000000070bc00000| Untracked 
|  75|0x000000070be00000, 0x000000070be00000, 0x000000070c000000|  0%| F|  |TAMS 0x000000070be00000, 0x000000070be00000| Untracked 
|  76|0x000000070c000000, 0x000000070c000000, 0x000000070c200000|  0%| F|  |TAMS 0x000000070c000000, 0x000000070c000000| Untracked 
|  77|0x000000070c200000, 0x000000070c200000, 0x000000070c400000|  0%| F|  |TAMS 0x000000070c200000, 0x000000070c200000| Untracked 
|  78|0x000000070c400000, 0x000000070c400000, 0x000000070c600000|  0%| F|  |TAMS 0x000000070c400000, 0x000000070c400000| Untracked 
|  79|0x000000070c600000, 0x000000070c600000, 0x000000070c800000|  0%| F|  |TAMS 0x000000070c600000, 0x000000070c600000| Untracked 
|  80|0x000000070c800000, 0x000000070c800000, 0x000000070ca00000|  0%| F|  |TAMS 0x000000070c800000, 0x000000070c800000| Untracked 
|  81|0x000000070ca00000, 0x000000070ca00000, 0x000000070cc00000|  0%| F|  |TAMS 0x000000070ca00000, 0x000000070ca00000| Untracked 
|  82|0x000000070cc00000, 0x000000070cc00000, 0x000000070ce00000|  0%| F|  |TAMS 0x000000070cc00000, 0x000000070cc00000| Untracked 
|  83|0x000000070ce00000, 0x000000070ce00000, 0x000000070d000000|  0%| F|  |TAMS 0x000000070ce00000, 0x000000070ce00000| Untracked 
|  84|0x000000070d000000, 0x000000070d000000, 0x000000070d200000|  0%| F|  |TAMS 0x000000070d000000, 0x000000070d000000| Untracked 
|  85|0x000000070d200000, 0x000000070d200000, 0x000000070d400000|  0%| F|  |TAMS 0x000000070d200000, 0x000000070d200000| Untracked 
|  86|0x000000070d400000, 0x000000070d400000, 0x000000070d600000|  0%| F|  |TAMS 0x000000070d400000, 0x000000070d400000| Untracked 
|  87|0x000000070d600000, 0x000000070d600000, 0x000000070d800000|  0%| F|  |TAMS 0x000000070d600000, 0x000000070d600000| Untracked 
|  88|0x000000070d800000, 0x000000070d800000, 0x000000070da00000|  0%| F|  |TAMS 0x000000070d800000, 0x000000070d800000| Untracked 
|  89|0x000000070da00000, 0x000000070da00000, 0x000000070dc00000|  0%| F|  |TAMS 0x000000070da00000, 0x000000070da00000| Untracked 
|  90|0x000000070dc00000, 0x000000070dc00000, 0x000000070de00000|  0%| F|  |TAMS 0x000000070dc00000, 0x000000070dc00000| Untracked 
|  91|0x000000070de00000, 0x000000070de00000, 0x000000070e000000|  0%| F|  |TAMS 0x000000070de00000, 0x000000070de00000| Untracked 
|  92|0x000000070e000000, 0x000000070e000000, 0x000000070e200000|  0%| F|  |TAMS 0x000000070e000000, 0x000000070e000000| Untracked 
|  93|0x000000070e200000, 0x000000070e200000, 0x000000070e400000|  0%| F|  |TAMS 0x000000070e200000, 0x000000070e200000| Untracked 
|  94|0x000000070e400000, 0x000000070e400000, 0x000000070e600000|  0%| F|  |TAMS 0x000000070e400000, 0x000000070e400000| Untracked 
|  95|0x000000070e600000, 0x000000070e600000, 0x000000070e800000|  0%| F|  |TAMS 0x000000070e600000, 0x000000070e600000| Untracked 
|  96|0x000000070e800000, 0x000000070e800000, 0x000000070ea00000|  0%| F|  |TAMS 0x000000070e800000, 0x000000070e800000| Untracked 
|  97|0x000000070ea00000, 0x000000070ea00000, 0x000000070ec00000|  0%| F|  |TAMS 0x000000070ea00000, 0x000000070ea00000| Untracked 
|  98|0x000000070ec00000, 0x000000070ec00000, 0x000000070ee00000|  0%| F|  |TAMS 0x000000070ec00000, 0x000000070ec00000| Untracked 
|  99|0x000000070ee00000, 0x000000070ee00000, 0x000000070f000000|  0%| F|  |TAMS 0x000000070ee00000, 0x000000070ee00000| Untracked 
| 100|0x000000070f000000, 0x000000070f000000, 0x000000070f200000|  0%| F|  |TAMS 0x000000070f000000, 0x000000070f000000| Untracked 
| 101|0x000000070f200000, 0x000000070f200000, 0x000000070f400000|  0%| F|  |TAMS 0x000000070f200000, 0x000000070f200000| Untracked 
| 102|0x000000070f400000, 0x000000070f400000, 0x000000070f600000|  0%| F|  |TAMS 0x000000070f400000, 0x000000070f400000| Untracked 
| 103|0x000000070f600000, 0x000000070f600000, 0x000000070f800000|  0%| F|  |TAMS 0x000000070f600000, 0x000000070f600000| Untracked 
| 104|0x000000070f800000, 0x000000070f800000, 0x000000070fa00000|  0%| F|  |TAMS 0x000000070f800000, 0x000000070f800000| Untracked 
| 105|0x000000070fa00000, 0x000000070fa00000, 0x000000070fc00000|  0%| F|  |TAMS 0x000000070fa00000, 0x000000070fa00000| Untracked 
| 106|0x000000070fc00000, 0x000000070fc00000, 0x000000070fe00000|  0%| F|  |TAMS 0x000000070fc00000, 0x000000070fc00000| Untracked 
| 107|0x000000070fe00000, 0x000000070fe00000, 0x0000000710000000|  0%| F|  |TAMS 0x000000070fe00000, 0x000000070fe00000| Untracked 
| 108|0x0000000710000000, 0x0000000710000000, 0x0000000710200000|  0%| F|  |TAMS 0x0000000710000000, 0x0000000710000000| Untracked 
| 109|0x0000000710200000, 0x0000000710200000, 0x0000000710400000|  0%| F|  |TAMS 0x0000000710200000, 0x0000000710200000| Untracked 
| 110|0x0000000710400000, 0x0000000710400000, 0x0000000710600000|  0%| F|  |TAMS 0x0000000710400000, 0x0000000710400000| Untracked 
| 111|0x0000000710600000, 0x0000000710600000, 0x0000000710800000|  0%| F|  |TAMS 0x0000000710600000, 0x0000000710600000| Untracked 
| 112|0x0000000710800000, 0x0000000710800000, 0x0000000710a00000|  0%| F|  |TAMS 0x0000000710800000, 0x0000000710800000| Untracked 
| 113|0x0000000710a00000, 0x0000000710a00000, 0x0000000710c00000|  0%| F|  |TAMS 0x0000000710a00000, 0x0000000710a00000| Untracked 
| 114|0x0000000710c00000, 0x0000000710c00000, 0x0000000710e00000|  0%| F|  |TAMS 0x0000000710c00000, 0x0000000710c00000| Untracked 
| 115|0x0000000710e00000, 0x0000000710e00000, 0x0000000711000000|  0%| F|  |TAMS 0x0000000710e00000, 0x0000000710e00000| Untracked 
| 116|0x0000000711000000, 0x0000000711000000, 0x0000000711200000|  0%| F|  |TAMS 0x0000000711000000, 0x0000000711000000| Untracked 
| 117|0x0000000711200000, 0x0000000711400000, 0x0000000711400000|100%| S|CS|TAMS 0x0000000711200000, 0x0000000711200000| Complete 
| 118|0x0000000711400000, 0x0000000711400000, 0x0000000711600000|  0%| F|  |TAMS 0x0000000711400000, 0x0000000711400000| Untracked 
| 119|0x0000000711600000, 0x000000071160e670, 0x0000000711800000|  2%| E|  |TAMS 0x0000000711600000, 0x0000000711600000| Complete 
| 120|0x0000000711800000, 0x0000000711a00000, 0x0000000711a00000|100%| E|CS|TAMS 0x0000000711800000, 0x0000000711800000| Complete 
| 121|0x0000000711a00000, 0x0000000711c00000, 0x0000000711c00000|100%| E|CS|TAMS 0x0000000711a00000, 0x0000000711a00000| Complete 
| 122|0x0000000711c00000, 0x0000000711e00000, 0x0000000711e00000|100%| E|CS|TAMS 0x0000000711c00000, 0x0000000711c00000| Complete 
| 123|0x0000000711e00000, 0x0000000712000000, 0x0000000712000000|100%| E|CS|TAMS 0x0000000711e00000, 0x0000000711e00000| Complete 
| 124|0x0000000712000000, 0x0000000712200000, 0x0000000712200000|100%| E|CS|TAMS 0x0000000712000000, 0x0000000712000000| Complete 
| 125|0x0000000712200000, 0x0000000712400000, 0x0000000712400000|100%| E|  |TAMS 0x0000000712200000, 0x0000000712200000| Complete 
| 126|0x0000000712400000, 0x0000000712600000, 0x0000000712600000|100%| E|CS|TAMS 0x0000000712400000, 0x0000000712400000| Complete 

Card table byte_map: [0x0000025b15b00000,0x0000025b162f0000] _byte_map_base: 0x0000025b122ec000

Marking Bits (Prev, Next): (CMBitMap*) 0x0000025b0a9c2330, (CMBitMap*) 0x0000025b0a9c2370
 Prev Bits: [0x0000025b16ae0000, 0x0000025b1aa40000)
 Next Bits: [0x0000025b1aa40000, 0x0000025b1e9a0000)

Polling page: 0x0000025b0a090000

Metaspace:

Usage:
  Non-class:     11.32 MB used.
      Class:      1.84 MB used.
       Both:     13.16 MB used.

Virtual space:
  Non-class space:       64.00 MB reserved,      11.50 MB ( 18%) committed,  1 nodes.
      Class space:        1.00 GB reserved,       2.00 MB ( <1%) committed,  1 nodes.
             Both:        1.06 GB reserved,      13.50 MB (  1%) committed. 

Chunk freelists:
   Non-Class:  4.50 MB
       Class:  13.92 MB
        Both:  18.42 MB

MaxMetaspaceSize: unlimited
CompressedClassSpaceSize: 1.00 GB
Initial GC threshold: 21.00 MB
Current GC threshold: 21.00 MB
CDS: on
MetaspaceReclaimPolicy: balanced
 - commit_granule_bytes: 65536.
 - commit_granule_words: 8192.
 - virtual_space_node_default_size: 8388608.
 - enlarge_chunks_in_place: 1.
 - new_chunks_are_fully_committed: 0.
 - uncommit_free_chunks: 1.
 - use_allocation_guard: 0.
 - handle_deallocations: 1.


Internal statistics:

num_allocs_failed_limit: 0.
num_arena_births: 432.
num_arena_deaths: 0.
num_vsnodes_births: 2.
num_vsnodes_deaths: 0.
num_space_committed: 216.
num_space_uncommitted: 0.
num_chunks_returned_to_freelist: 0.
num_chunks_taken_from_freelist: 852.
num_chunk_merges: 0.
num_chunk_splits: 534.
num_chunks_enlarged: 346.
num_inconsistent_stats: 0.

CodeCache: size=49152Kb used=5351Kb max_used=5819Kb free=43800Kb
 bounds [0x0000025b12200000, 0x0000025b127b0000, 0x0000025b15200000]
 total_blobs=2573 nmethods=2080 adapters=418
 compilation: enabled
              stopped_count=0, restarted_count=0
 full_count=0

Compilation events (20 events):
Event: 4.480 Thread 0x0000025b217053b0 2032       1       jdk.internal.reflect.ClassFileAssembler::emitConstantPoolNameAndType (28 bytes)
Event: 4.481 Thread 0x0000025b215ed8d0 2033       1       jdk.internal.loader.AbstractClassLoaderValue$Sub::parent (5 bytes)
Event: 4.481 Thread 0x0000025b215ed8d0 nmethod 2033 0x0000025b124c8c10 code [0x0000025b124c8da0, 0x0000025b124c8e78]
Event: 4.482 Thread 0x0000025b217053b0 nmethod 2032 0x0000025b124c8410 code [0x0000025b124c8600, 0x0000025b124c8948]
Event: 4.484 Thread 0x0000025b217053b0 2034       1       jdk.internal.org.objectweb.asm.Frame::merge (395 bytes)
Event: 4.487 Thread 0x0000025b215ed8d0 2035       1       java.util.concurrent.locks.AbstractQueuedSynchronizer::signalNext (34 bytes)
Event: 4.487 Thread 0x0000025b217053b0 nmethod 2034 0x0000025b124c7210 code [0x0000025b124c7460, 0x0000025b124c7df8]
Event: 4.488 Thread 0x0000025b215ed8d0 nmethod 2035 0x0000025b124c6e10 code [0x0000025b124c6fa0, 0x0000025b124c70e8]
Event: 4.488 Thread 0x0000025b216f6660 2036       1       java.nio.ByteBuffer::limit (8 bytes)
Event: 4.488 Thread 0x0000025b216f6660 nmethod 2036 0x0000025b124c6b10 code [0x0000025b124c6ca0, 0x0000025b124c6d88]
Event: 4.489 Thread 0x0000025b216f6660 2037       1       java.util.logging.Logger::isLoggable (27 bytes)
Event: 4.489 Thread 0x0000025b216f6660 nmethod 2037 0x0000025b124c6790 code [0x0000025b124c6920, 0x0000025b124c6a38]
Event: 4.490 Thread 0x0000025b215ed8d0 2038       1       java.nio.Buffer::nextGetIndex (32 bytes)
Event: 4.490 Thread 0x0000025b216f6660 2039       1       java.nio.HeapByteBuffer::byteOffset (7 bytes)
Event: 4.490 Thread 0x0000025b216f6660 nmethod 2039 0x0000025b124c6490 code [0x0000025b124c6620, 0x0000025b124c66f8]
Event: 4.490 Thread 0x0000025b215ed8d0 nmethod 2038 0x0000025b124c6110 code [0x0000025b124c62a0, 0x0000025b124c63e8]
Event: 4.491 Thread 0x0000025b215ed8d0 2040       1       java.lang.reflect.ProxyGenerator::dotToSlash (9 bytes)
Event: 4.491 Thread 0x0000025b215ed8d0 nmethod 2040 0x0000025b124c5e10 code [0x0000025b124c5fa0, 0x0000025b124c6068]
Event: 4.491 Thread 0x0000025b217053b0 2041       1       jdk.internal.reflect.ClassFileAssembler::emitConstantPoolClass (23 bytes)
Event: 4.493 Thread 0x0000025b217053b0 nmethod 2041 0x0000025b124c5810 code [0x0000025b124c59e0, 0x0000025b124c5c28]

GC Heap History (4 events):
Event: 0.859 GC heap before
{Heap before GC invocations=0 (full 0):
 garbage-first heap   total 260096K, used 20480K [0x0000000702800000, 0x0000000800000000)
  region size 2048K, 11 young (22528K), 0 survivors (0K)
 Metaspace       used 6482K, committed 6656K, reserved 1114112K
  class space    used 825K, committed 896K, reserved 1048576K
}
Event: 0.865 GC heap after
{Heap after GC invocations=1 (full 0):
 garbage-first heap   total 260096K, used 8282K [0x0000000702800000, 0x0000000800000000)
  region size 2048K, 2 young (4096K), 2 survivors (4096K)
 Metaspace       used 6482K, committed 6656K, reserved 1114112K
  class space    used 825K, committed 896K, reserved 1048576K
}
Event: 1.296 GC heap before
{Heap before GC invocations=1 (full 0):
 garbage-first heap   total 260096K, used 26714K [0x0000000702800000, 0x0000000800000000)
  region size 2048K, 11 young (22528K), 2 survivors (4096K)
 Metaspace       used 10681K, committed 11072K, reserved 1114112K
  class space    used 1455K, committed 1600K, reserved 1048576K
}
Event: 1.300 GC heap after
{Heap after GC invocations=2 (full 0):
 garbage-first heap   total 260096K, used 10444K [0x0000000702800000, 0x0000000800000000)
  region size 2048K, 1 young (2048K), 1 survivors (2048K)
 Metaspace       used 10681K, committed 11072K, reserved 1114112K
  class space    used 1455K, committed 1600K, reserved 1048576K
}

Deoptimization events (0 events):
No events

Classes unloaded (0 events):
No events

Classes redefined (0 events):
No events

Internal exceptions (20 events):
Event: 1.170 Thread 0x0000025b0a952d20 Exception <a 'java/lang/NoSuchMethodError'{0x000000071195dd48}: 'int java.lang.invoke.DirectMethodHandle$Holder.invokeStatic(java.lang.Object, long)'> (0x000000071195dd48) 
thrown [s\open\src\hotspot\share\interpreter\linkResolver.cpp, line 759]
Event: 1.172 Thread 0x0000025b0a952d20 Exception <a 'java/lang/NoSuchMethodError'{0x0000000711982260}: 'int java.lang.invoke.Invokers$Holder.linkToTargetMethod(java.lang.Object, java.lang.Object)'> (0x0000000711982260) 
thrown [s\open\src\hotspot\share\interpreter\linkResolver.cpp, line 759]
Event: 1.186 Thread 0x0000025b0a952d20 Exception <a 'java/lang/NoSuchMethodError'{0x00000007116058e0}: 'java.lang.Object java.lang.invoke.DirectMethodHandle$Holder.invokeSpecial(java.lang.Object, java.lang.Object, java.lang.Object, int, java.lang.Object)'> (0x00000007116058e0) 
thrown [s\open\src\hotspot\share\interpreter\linkResolver.cpp, line 759]
Event: 1.187 Thread 0x0000025b0a952d20 Exception <a 'java/lang/NoSuchMethodError'{0x000000071160de48}: 'java.lang.Object java.lang.invoke.DirectMethodHandle$Holder.newInvokeSpecial(java.lang.Object, java.lang.Object, java.lang.Object, int, java.lang.Object)'> (0x000000071160de48) 
thrown [s\open\src\hotspot\share\interpreter\linkResolver.cpp, line 759]
Event: 1.188 Thread 0x0000025b0a952d20 Exception <a 'java/lang/NoSuchMethodError'{0x0000000711615818}: 'java.lang.Object java.lang.invoke.Invokers$Holder.linkToTargetMethod(java.lang.Object, java.lang.Object, int, java.lang.Object, java.lang.Object)'> (0x0000000711615818) 
thrown [s\open\src\hotspot\share\interpreter\linkResolver.cpp, line 759]
Event: 1.190 Thread 0x0000025b0a952d20 Exception <a 'java/lang/NoSuchMethodError'{0x0000000711624c70}: 'java.lang.Object java.lang.invoke.DirectMethodHandle$Holder.newInvokeSpecial(java.lang.Object, int, java.lang.Object)'> (0x0000000711624c70) 
thrown [s\open\src\hotspot\share\interpreter\linkResolver.cpp, line 759]
Event: 1.190 Thread 0x0000025b0a952d20 Exception <a 'java/lang/NoSuchMethodError'{0x0000000711628a30}: 'int java.lang.invoke.DirectMethodHandle$Holder.invokeSpecialIFC(java.lang.Object, java.lang.Object, java.lang.Object, java.lang.Object)'> (0x0000000711628a30) 
thrown [s\open\src\hotspot\share\interpreter\linkResolver.cpp, line 759]
Event: 1.214 Thread 0x0000025b0a952d20 Exception <a 'java/lang/NoSuchMethodError'{0x00000007116dcad0}: 'void java.lang.invoke.DirectMethodHandle$Holder.invokeInterface(java.lang.Object, java.lang.Object, java.lang.Object)'> (0x00000007116dcad0) 
thrown [s\open\src\hotspot\share\interpreter\linkResolver.cpp, line 759]
Event: 1.232 Thread 0x0000025b0a952d20 Exception <a 'java/lang/NoSuchMethodError'{0x00000007117622e0}: 'java.lang.Object java.lang.invoke.DirectMethodHandle$Holder.invokeVirtual(java.lang.Object, java.lang.Object, java.lang.Object)'> (0x00000007117622e0) 
thrown [s\open\src\hotspot\share\interpreter\linkResolver.cpp, line 759]
Event: 1.255 Thread 0x0000025b0a952d20 Exception <a 'java/lang/NoSuchMethodError'{0x00000007114532b0}: 'void java.lang.invoke.DirectMethodHandle$Holder.invokeStatic(java.lang.Object, java.lang.Object, int)'> (0x00000007114532b0) 
thrown [s\open\src\hotspot\share\interpreter\linkResolver.cpp, line 759]
Event: 1.258 Thread 0x0000025b0a952d20 Exception <a 'java/lang/NoSuchMethodError'{0x0000000711464150}: 'void java.lang.invoke.DirectMethodHandle$Holder.invokeStaticInit(java.lang.Object, java.lang.Object, java.lang.Object)'> (0x0000000711464150) 
thrown [s\open\src\hotspot\share\interpreter\linkResolver.cpp, line 759]
Event: 1.280 Thread 0x0000025b0a952d20 Exception <a 'java/lang/NoSuchMethodError'{0x000000071153b418}: 'java.lang.Object java.lang.invoke.DirectMethodHandle$Holder.newInvokeSpecial(java.lang.Object, long)'> (0x000000071153b418) 
thrown [s\open\src\hotspot\share\interpreter\linkResolver.cpp, line 759]
Event: 1.281 Thread 0x0000025b0a952d20 Exception <a 'java/lang/NoSuchMethodError'{0x0000000711542a20}: 'void java.lang.invoke.DirectMethodHandle$Holder.invokeVirtual(java.lang.Object, java.lang.Object, java.lang.Object, java.lang.Object)'> (0x0000000711542a20) 
thrown [s\open\src\hotspot\share\interpreter\linkResolver.cpp, line 759]
Event: 1.295 Thread 0x0000025b0a952d20 Exception <a 'java/lang/NoSuchMethodError'{0x00000007115f3270}: 'java.lang.Object java.lang.invoke.DirectMethodHandle$Holder.invokeSpecial(java.lang.Object, java.lang.Object, long, java.lang.Object, java.lang.Object, java.lang.Object, java.lang.Object, java.lang.Object, java.lang.Object)'> (0x00000007115f3270) 
thrown [s\open\src\hotspot\share\interpreter\linkResolver.cpp, line 759]
Event: 1.295 Thread 0x0000025b0a952d20 Exception <a 'java/lang/NoSuchMethodError'{0x00000007115f7af0}: 'java.lang.Object java.lang.invoke.DelegatingMethodHandle$Holder.reinvoke_L(java.lang.Object, long, java.lang.Object, java.lang.Object, java.lang.Object, java.lang.Object, java.lang.Object, java.lang.Object)'> (0x00000007115f7af0) 
thrown [s\open\src\hotspot\share\interpreter\linkResolver.cpp, line 759]
Event: 1.354 Thread 0x0000025b0a952d20 Exception <a 'java/lang/NoSuchMethodError'{0x0000000712281b80}: 'java.lang.Object java.lang.invoke.DirectMethodHandle$Holder.invokeSpecial(java.lang.Object, java.lang.Object, java.lang.Object, java.lang.Object, java.lang.Object, java.lang.Object, java.lang.Object, java.lang.Object, java.lang.Object)'> (0x0000000712281b80) 
thrown [s\open\src\hotspot\share\interpreter\linkResolver.cpp, line 759]
Event: 1.354 Thread 0x0000025b0a952d20 Exception <a 'java/lang/NoSuchMethodError'{0x00000007122864a8}: 'java.lang.Object java.lang.invoke.Invokers$Holder.invoke_MT(java.lang.Object, java.lang.Object, java.lang.Object, java.lang.Object, java.lang.Object, java.lang.Object, java.lang.Object, java.lang.Object, java.lang.Object)'> (0x00000007122864a8) 
thrown [s\open\src\hotspot\share\interpreter\linkResolver.cpp, line 759]
Event: 1.368 Thread 0x0000025b0a952d20 Exception <a 'java/lang/IncompatibleClassChangeError'{0x0000000712053a88}: Found class java.lang.Object, but interface was expected> (0x0000000712053a88) 
thrown [s\open\src\hotspot\share\interpreter\linkResolver.cpp, line 826]
Event: 1.386 Thread 0x0000025b67aa5910 Exception <a 'java/lang/NoSuchMethodError'{0x00000007121bb5b8}: 'java.lang.Object java.lang.invoke.Invokers$Holder.invoke_MT(java.lang.Object, java.lang.Object, java.lang.Object)'> (0x00000007121bb5b8) 
thrown [s\open\src\hotspot\share\interpreter\linkResolver.cpp, line 759]
Event: 4.491 Thread 0x0000025b216f12f0 Exception <a 'java/lang/Error'{0x0000000711aab0c8}: IP Helper Library GetIpAddrTable function failed> (0x0000000711aab0c8) 
thrown [s\open\src\hotspot\share\prims\jni.cpp, line 535]

VM Operations (20 events):
Event: 0.621 Executing VM operation: HandshakeAllThreads
Event: 0.621 Executing VM operation: HandshakeAllThreads done
Event: 0.625 Executing VM operation: HandshakeAllThreads
Event: 0.625 Executing VM operation: HandshakeAllThreads done
Event: 0.859 Executing VM operation: G1CollectForAllocation
Event: 0.865 Executing VM operation: G1CollectForAllocation done
Event: 0.934 Executing VM operation: HandshakeAllThreads
Event: 0.934 Executing VM operation: HandshakeAllThreads done
Event: 0.940 Executing VM operation: HandshakeAllThreads
Event: 0.940 Executing VM operation: HandshakeAllThreads done
Event: 1.151 Executing VM operation: HandshakeAllThreads
Event: 1.151 Executing VM operation: HandshakeAllThreads done
Event: 1.295 Executing VM operation: G1CollectForAllocation
Event: 1.300 Executing VM operation: G1CollectForAllocation done
Event: 1.343 Executing VM operation: HandshakeAllThreads
Event: 1.343 Executing VM operation: HandshakeAllThreads done
Event: 1.346 Executing VM operation: HandshakeAllThreads
Event: 1.346 Executing VM operation: HandshakeAllThreads done
Event: 2.358 Executing VM operation: Cleanup
Event: 4.468 Executing VM operation: Cleanup done

Events (20 events):
Event: 1.394 loading class javax/xml/transform/Source
Event: 1.394 loading class javax/xml/transform/Source done
Event: 1.405 loading class java/io/NotSerializableException
Event: 1.406 loading class java/io/ObjectStreamException
Event: 1.406 loading class java/io/ObjectStreamException done
Event: 1.406 loading class java/io/NotSerializableException done
Event: 1.406 loading class java/util/concurrent/CompletionException
Event: 1.406 loading class java/util/concurrent/CompletionException done
Event: 1.416 loading class java/util/regex/Pattern$BnM
Event: 1.416 loading class java/util/regex/Pattern$BnM done
Event: 1.419 loading class java/lang/reflect/AnnotatedType
Event: 1.419 loading class java/lang/reflect/AnnotatedType done
Event: 1.422 loading class java/lang/invoke/DirectMethodHandle$StaticAccessor
Event: 1.422 loading class java/lang/invoke/DirectMethodHandle$StaticAccessor done
Event: 1.428 loading class java/util/concurrent/locks/ReentrantReadWriteLock$NonfairSync
Event: 1.428 loading class java/util/concurrent/locks/ReentrantReadWriteLock$NonfairSync done
Event: 4.480 Thread 0x0000025b217058d0 Thread exited: 0x0000025b217058d0
Event: 4.490 loading class javax/management/openmbean/CompositeDataSupport
Event: 4.490 loading class javax/management/openmbean/CompositeDataSupport done
Event: 4.493 loading class javax/management/openmbean/OpenDataException


Dynamic libraries:
0x00007ff7f4b00000 - 0x00007ff7f4b10000 	C:\Program Files\Java\jdk-17\bin\java.exe
0x00007ffa25800000 - 0x00007ffa25a65000 	C:\WINDOWS\SYSTEM32\ntdll.dll
0x00007ffa23eb0000 - 0x00007ffa23f79000 	C:\WINDOWS\System32\KERNEL32.DLL
0x00007ffa22950000 - 0x00007ffa22d38000 	C:\WINDOWS\System32\KERNELBASE.dll
0x00007ffa232e0000 - 0x00007ffa2342b000 	C:\WINDOWS\System32\ucrtbase.dll
0x00007ffa1d940000 - 0x00007ffa1d959000 	C:\Program Files\Java\jdk-17\bin\jli.dll
0x00007ffa1d430000 - 0x00007ffa1d44b000 	C:\Program Files\Java\jdk-17\bin\VCRUNTIME140.dll
0x00007ffa23630000 - 0x00007ffa236e3000 	C:\WINDOWS\System32\ADVAPI32.dll
0x00007ffa23d70000 - 0x00007ffa23e19000 	C:\WINDOWS\System32\msvcrt.dll
0x00007ffa25700000 - 0x00007ffa257a6000 	C:\WINDOWS\System32\sechost.dll
0x00007ffa255e0000 - 0x00007ffa256f5000 	C:\WINDOWS\System32\RPCRT4.dll
0x00007ffa23fa0000 - 0x00007ffa2416a000 	C:\WINDOWS\System32\USER32.dll
0x00007ffa23430000 - 0x00007ffa23457000 	C:\WINDOWS\System32\win32u.dll
0x00007ffa09840000 - 0x00007ffa09ada000 	C:\WINDOWS\WinSxS\amd64_microsoft.windows.common-controls_6595b64144ccf1df_6.0.26100.4202_none_3e0698d4e335f517\COMCTL32.dll
0x00007ffa23720000 - 0x00007ffa2374b000 	C:\WINDOWS\System32\GDI32.dll
0x00007ffa23460000 - 0x00007ffa23597000 	C:\WINDOWS\System32\gdi32full.dll
0x00007ffa230b0000 - 0x00007ffa23153000 	C:\WINDOWS\System32\msvcp_win.dll
0x00007ffa13b70000 - 0x00007ffa13b7b000 	C:\WINDOWS\SYSTEM32\VERSION.dll
0x00007ffa23d30000 - 0x00007ffa23d60000 	C:\WINDOWS\System32\IMM32.DLL
0x00007ffa1d5b0000 - 0x00007ffa1d5bc000 	C:\Program Files\Java\jdk-17\bin\vcruntime140_1.dll
0x00007ffa1d3a0000 - 0x00007ffa1d42e000 	C:\Program Files\Java\jdk-17\bin\msvcp140.dll
0x00007ff9b6e20000 - 0x00007ff9b7a00000 	C:\Program Files\Java\jdk-17\bin\server\jvm.dll
0x00007ffa24c90000 - 0x00007ffa24c98000 	C:\WINDOWS\System32\PSAPI.DLL
0x00007ffa02ef0000 - 0x00007ffa02efa000 	C:\WINDOWS\SYSTEM32\WSOCK32.dll
0x00007ffa0aba0000 - 0x00007ffa0abd5000 	C:\WINDOWS\SYSTEM32\WINMM.dll
0x00007ffa235b0000 - 0x00007ffa23624000 	C:\WINDOWS\System32\WS2_32.dll
0x00007ffa21810000 - 0x00007ffa2182b000 	C:\WINDOWS\SYSTEM32\kernel.appcore.dll
0x00007ffa1d390000 - 0x00007ffa1d39a000 	C:\Program Files\Java\jdk-17\bin\jimage.dll
0x00007ffa200a0000 - 0x00007ffa202e1000 	C:\WINDOWS\SYSTEM32\DBGHELP.DLL
0x00007ffa24900000 - 0x00007ffa24c85000 	C:\WINDOWS\System32\combase.dll
0x00007ffa23c40000 - 0x00007ffa23d21000 	C:\WINDOWS\System32\OLEAUT32.dll
0x00007ffa046b0000 - 0x00007ffa046e9000 	C:\WINDOWS\SYSTEM32\dbgcore.DLL
0x00007ffa22ec0000 - 0x00007ffa22f59000 	C:\WINDOWS\System32\bcryptPrimitives.dll
0x00007ffa1d350000 - 0x00007ffa1d35e000 	C:\Program Files\Java\jdk-17\bin\instrument.dll
0x00007ffa1d360000 - 0x00007ffa1d385000 	C:\Program Files\Java\jdk-17\bin\java.dll
0x00007ffa14db0000 - 0x00007ffa14e87000 	C:\Program Files\Java\jdk-17\bin\jsvml.dll
0x00007ffa24e90000 - 0x00007ffa255d2000 	C:\WINDOWS\System32\SHELL32.dll
0x00007ffa23160000 - 0x00007ffa232d4000 	C:\WINDOWS\System32\wintypes.dll
0x00007ffa20590000 - 0x00007ffa20de8000 	C:\WINDOWS\SYSTEM32\windows.storage.dll
0x00007ffa243b0000 - 0x00007ffa244a1000 	C:\WINDOWS\System32\SHCORE.dll
0x00007ffa24760000 - 0x00007ffa247ca000 	C:\WINDOWS\System32\shlwapi.dll
0x00007ffa22860000 - 0x00007ffa2288f000 	C:\WINDOWS\SYSTEM32\profapi.dll
0x00007ffa1ade0000 - 0x00007ffa1adf8000 	C:\Program Files\Java\jdk-17\bin\zip.dll
0x00007ffa1d330000 - 0x00007ffa1d349000 	C:\Program Files\Java\jdk-17\bin\net.dll
0x00007ffa14490000 - 0x00007ffa145ae000 	C:\WINDOWS\SYSTEM32\WINHTTP.dll
0x00007ffa21da0000 - 0x00007ffa21e0a000 	C:\WINDOWS\system32\mswsock.dll
0x00007ffa1bee0000 - 0x00007ffa1bef6000 	C:\Program Files\Java\jdk-17\bin\nio.dll
0x00007ffa1adc0000 - 0x00007ffa1adda000 	C:\Program Files\JetBrains\IntelliJ IDEA 2024.2.4\bin\breakgen64.dll
0x00007ffa21270000 - 0x00007ffa21397000 	C:\WINDOWS\SYSTEM32\DNSAPI.dll
0x00007ffa211d0000 - 0x00007ffa21203000 	C:\WINDOWS\SYSTEM32\IPHLPAPI.DLL
0x00007ffa237a0000 - 0x00007ffa237aa000 	C:\WINDOWS\System32\NSI.dll
0x00007ffa14200000 - 0x00007ffa1420b000 	C:\Windows\System32\rasadhlp.dll
0x00007ffa12e20000 - 0x00007ffa12ea6000 	C:\WINDOWS\System32\fwpuclnt.dll
0x00007ffa1d320000 - 0x00007ffa1d32a000 	C:\Program Files\Java\jdk-17\bin\management.dll
0x00007ffa1bed0000 - 0x00007ffa1bedb000 	C:\Program Files\Java\jdk-17\bin\management_ext.dll
0x00007ffa22050000 - 0x00007ffa2206b000 	C:\WINDOWS\SYSTEM32\CRYPTSP.dll
0x00007ffa21770000 - 0x00007ffa217aa000 	C:\WINDOWS\system32\rsaenh.dll
0x00007ffa21e40000 - 0x00007ffa21e6b000 	C:\WINDOWS\SYSTEM32\USERENV.dll
0x00007ffa22830000 - 0x00007ffa22856000 	C:\WINDOWS\SYSTEM32\bcrypt.dll
0x00007ffa22070000 - 0x00007ffa2207c000 	C:\WINDOWS\SYSTEM32\CRYPTBASE.dll
0x00007ffa152d0000 - 0x00007ffa152ef000 	C:\WINDOWS\SYSTEM32\dhcpcsvc6.DLL
0x00007ffa145f0000 - 0x00007ffa14615000 	C:\WINDOWS\SYSTEM32\dhcpcsvc.DLL
0x00007ffa02010000 - 0x00007ffa02028000 	C:\WINDOWS\system32\napinsp.dll
0x00007ff9fdfe0000 - 0x00007ff9fdff2000 	C:\WINDOWS\System32\winrnr.dll
0x00007ff9fdfa0000 - 0x00007ff9fdfd0000 	C:\WINDOWS\system32\nlansp_c.dll
0x00007ffa145c0000 - 0x00007ffa145e0000 	C:\WINDOWS\system32\wshbth.dll
0x00007ffa09bf0000 - 0x00007ffa09c3e000 	C:\WINDOWS\SYSTEM32\pdh.dll
0x00007ffa14870000 - 0x00007ffa14882000 	C:\WINDOWS\System32\perfproc.dll
0x00007ff9f40f0000 - 0x00007ff9f4101000 	C:\WINDOWS\System32\perfos.dll
0x00007ffa1daf0000 - 0x00007ffa1db02000 	C:\WINDOWS\SYSTEM32\pfclient.dll

dbghelp: loaded successfully - version: 4.0.5 - missing functions: none
symbol engine: initialized successfully - sym options: 0x614 - pdb path: .;C:\Program Files\Java\jdk-17\bin;C:\WINDOWS\SYSTEM32;C:\WINDOWS\WinSxS\amd64_microsoft.windows.common-controls_6595b64144ccf1df_6.0.26100.4202_none_3e0698d4e335f517;C:\Program Files\Java\jdk-17\bin\server;C:\Program Files\JetBrains\IntelliJ IDEA 2024.2.4\bin

VM Arguments:
jvm_args: -XX:TieredStopAtLevel=1 -Dspring.output.ansi.enabled=always -Dcom.sun.management.jmxremote -Dspring.jmx.enabled=true -Dspring.liveBeansView.mbeanDomain -Dspring.application.admin.enabled=true -Dmanagement.endpoints.jmx.exposure.include=* -javaagent:C:\Program Files\JetBrains\IntelliJ IDEA 2024.2.4\lib\idea_rt.jar=55456:C:\Program Files\JetBrains\IntelliJ IDEA 2024.2.4\bin -Dfile.encoding=UTF-8 
java_command: com.example.demo.EduvibeApplication
java_class_path (initial): C:\Eduvibe\target\classes;C:\Users\Saurabh Srivastav\.m2\repository\org\springframework\boot\spring-boot-starter-data-jdbc\3.5.3\spring-boot-starter-data-jdbc-3.5.3.jar;C:\Users\Saurabh Srivastav\.m2\repository\org\springframework\boot\spring-boot-starter-jdbc\3.5.3\spring-boot-starter-jdbc-3.5.3.jar;C:\Users\Saurabh Srivastav\.m2\repository\com\zaxxer\HikariCP\6.3.0\HikariCP-6.3.0.jar;C:\Users\Saurabh Srivastav\.m2\repository\org\springframework\spring-jdbc\6.2.8\spring-jdbc-6.2.8.jar;C:\Users\Saurabh Srivastav\.m2\repository\org\springframework\data\spring-data-jdbc\3.5.1\spring-data-jdbc-3.5.1.jar;C:\Users\Saurabh Srivastav\.m2\repository\org\springframework\data\spring-data-relational\3.5.1\spring-data-relational-3.5.1.jar;C:\Users\Saurabh Srivastav\.m2\repository\org\springframework\data\spring-data-commons\3.5.1\spring-data-commons-3.5.1.jar;C:\Users\Saurabh Srivastav\.m2\repository\org\springframework\spring-tx\6.2.8\spring-tx-6.2.8.jar;C:\Users\Saurabh Srivastav\.m2\repository\org\springframework\spring-context\6.2.8\spring-context-6.2.8.jar;C:\Users\Saurabh Srivastav\.m2\repository\org\springframework\spring-beans\6.2.8\spring-beans-6.2.8.jar;C:\Users\Saurabh Srivastav\.m2\repository\org\slf4j\slf4j-api\2.0.17\slf4j-api-2.0.17.jar;C:\Users\Saurabh Srivastav\.m2\repository\org\springframework\boot\spring-boot-starter-data-jpa\3.5.3\spring-boot-starter-data-jpa-3.5.3.jar;C:\Users\Saurabh Srivastav\.m2\repository\org\springframework\boot\spring-boot-starter\3.5.3\spring-boot-starter-3.5.3.jar;C:\Users\Saurabh Srivastav\.m2\repository\org\springframework\boot\spring-boot\3.5.3\spring-boot-3.5.3.jar;C:\Users\Saurabh Srivastav\.m2\repository\org\springframework\boot\spring-boot-autoconfigure\3.5.3\spring-boot-autoconfigure-3.5.3.jar;C:\Users\Saurabh Srivastav\.m2\repository\org\springframework\boot\spring-boot-starter-logging\3.5.3\spring-boot-starter-logging-3.5.3.jar;C:\Users\Saurabh Srivastav\.m2\repository\ch\qos\logback\logback-c
Launcher Type: SUN_STANDARD

[Global flags]
     intx CICompilerCount                          = 4                                         {product} {ergonomic}
     uint ConcGCThreads                            = 2                                         {product} {ergonomic}
     uint G1ConcRefinementThreads                  = 8                                         {product} {ergonomic}
   size_t G1HeapRegionSize                         = 2097152                                   {product} {ergonomic}
    uintx GCDrainStackTargetSize                   = 64                                        {product} {ergonomic}
   size_t InitialHeapSize                          = 266338304                                 {product} {ergonomic}
     bool ManagementServer                         = true                                      {product} {command line}
   size_t MarkStackSize                            = 4194304                                   {product} {ergonomic}
   size_t MaxHeapSize                              = 4253024256                                {product} {ergonomic}
   size_t MaxNewSize                               = 2550136832                                {product} {ergonomic}
   size_t MinHeapDeltaBytes                        = 2097152                                   {product} {ergonomic}
   size_t MinHeapSize                              = 8388608                                   {product} {ergonomic}
    uintx NonProfiledCodeHeapSize                  = 0                                      {pd product} {ergonomic}
     bool ProfileInterpreter                       = false                                  {pd product} {command line}
    uintx ProfiledCodeHeapSize                     = 0                                      {pd product} {ergonomic}
   size_t SoftMaxHeapSize                          = 4253024256                             {manageable} {ergonomic}
     intx TieredStopAtLevel                        = 1                                         {product} {command line}
     bool UseCompressedClassPointers               = true                           {product lp64_product} {ergonomic}
     bool UseCompressedOops                        = true                           {product lp64_product} {ergonomic}
     bool UseG1GC                                  = true                                      {product} {ergonomic}
     bool UseLargePagesIndividualAllocation        = false                                  {pd product} {ergonomic}

Logging:
Log output configuration:
 #0: stdout all=warning uptime,level,tags
 #1: stderr all=off uptime,level,tags

Environment Variables:
PATH=C:\Python313\Scripts\;C:\Python313\;C:\Program Files\Common Files\Oracle\Java\javapath;C:\Windows\system32;C:\Windows;C:\Windows\System32\Wbem;C:\Windows\System32\WindowsPowerShell\v1.0\;C:\Windows\System32\OpenSSH\;C:\Program Files (x86)\NVIDIA Corporation\PhysX\Common;C:\Program Files\NVIDIA Corporation\NVIDIA NvDLISR;C:\WINDOWS\system32;C:\WINDOWS;C:\WINDOWS\System32\Wbem;C:\WINDOWS\System32\WindowsPowerShell\v1.0\;C:\WINDOWS\System32\OpenSSH\;C:\MinGW\bin;C:\Program Files\Git\cmd;C:\Program Files\Git\mingw64\bin;C:\Program Files\Git\usr\bin;C:\Program Files\dotnet\;C:\ProgramData\chocolatey\bin;C:\Program Files\Java\jdk-17\bin;C:\Program Files\PostgreSQL\17\bin;C:\maven\apache-maven-3.9.9\bin;C:\Program Files\nodejs\;C:\Program Files\MongoDB\Server\8.0\bin;C:\Stripe;;C:\Program Files\Docker\Docker\resources\bin;C:\Users\Saurabh Srivastav\scoop\shims;C:\Users\Saurabh Srivastav\AppData\Local\Microsoft\WindowsApps;C:\Users\Saurabh Srivastav\AppData\Local\Programs\Microsoft VS Code\bin;C:\Program Files\JetBrains\IntelliJ IDEA Community Edition 2024.2.3\bin;;C:\Users\Saurabh Srivastav\AppData\Local\Programs\mongosh\;C:\Program Files\JetBrains\IntelliJ IDEA 2024.2.4\bin;;C:\Users\Saurabh Srivastav\AppData\Roaming\npm;C:\Program Files\MongoDB\Server\8.0\bin;
USERNAME=Saurabh Srivastav
OS=Windows_NT
PROCESSOR_IDENTIFIER=Intel64 Family 6 Model 165 Stepping 2, GenuineIntel



---------------  S Y S T E M  ---------------

OS:
 Windows 11 , 64 bit Build 26100 (10.0.26100.4202)
OS uptime: 0 days 5:23 hours
Hyper-V role detected

CPU: total 8 (initial active 8) (4 cores per cpu, 2 threads per core) family 6 model 165 stepping 2 microcode 0xe0, cx8, cmov, fxsr, ht, mmx, 3dnowpref, sse, sse2, sse3, ssse3, sse4.1, sse4.2, popcnt, lzcnt, tsc, tscinvbit, avx, avx2, aes, erms, clmul, bmi1, bmi2, adx, fma, vzeroupper, clflush, clflushopt, hv

Memory: 4k page, system-wide physical 16221M (4614M free)
TotalPageFile size 16221M (AvailPageFile size 0M)
current process WorkingSet (physical memory assigned to process): 106M, peak: 106M
current process commit charge ("private bytes"): 373M, peak: 373M

vm_info: Java HotSpot(TM) 64-Bit Server VM (17.0.12+8-LTS-286) for windows-amd64 JRE (17.0.12+8-LTS-286), built on Jun  5 2024 06:46:59 by "mach5one" with MS VC++ 17.6 (VS2022)

END.
